<?xml version="1.0" encoding="UTF-8"?>
<!-- Generated by org.testng.reporters.JUnitXMLReporter -->
<testsuite ignored="0" hostname="SWT-LTOP-1395" failures="1" tests="1" name="Test(failed)" time="14.617" errors="0" timestamp="2025-12-02T07:56:18 IST">
  <testcase classname="testCase.TC_002MyAccountTest" name="verify_Login" time="11.693">
    <failure type="java.lang.AssertionError" message="expected [true] but found [false]">
      <![CDATA[java.lang.AssertionError: expected [true] but found [false]
at testCase.TC_002MyAccountTest.verify_Login(TC_002MyAccountTest.java:40)
at java.base/java.util.ArrayList.forEach(ArrayList.java:1597)
... Removed 29 stack frames]]>
    </failure>
  </testcase> <!-- verify_Login -->
</testsuite> <!-- Test(failed) -->
