<?xml version="1.0" encoding="UTF-8"?>
<!-- Generated by org.testng.reporters.JUnitReportReporter -->
<testsuite hostname="SWT-LTOP-1395" failures="0" tests="5" name="testCase.TC003_LoginDDT" time="46.398" errors="0" timestamp="2025-12-02T08:16:22 IST" skipped="0">
  <testcase classname="testCase.TC003_LoginDDT" name="verify_Login" time="12.990"/>
  <testcase classname="testCase.TC003_LoginDDT" name="verify_Login" time="3.374"/>
  <testcase classname="testCase.TC003_LoginDDT" name="verify_Login" time="13.182"/>
  <testcase classname="testCase.TC003_LoginDDT" name="verify_Login" time="3.735"/>
  <testcase classname="testCase.TC003_LoginDDT" name="verify_Login" time="13.117"/>
</testsuite> <!-- testCase.TC003_LoginDDT -->
